02-26 16:50:45 SerialPort.cpp  222: write->68 92 00 92 00 68 4A 11 11 01 00 02 04 70 00 00 01 1C 31 32 33 34 35 36 37 38 00 00 00 00 00 00 00 00 00 00 00 00 00 00 00 00 A4 16 
02-26 17:08:54 SerialPort.cpp  222: write->68 92 00 92 00 68 4A 11 11 01 00 02 04 70 00 00 01 1C 31 32 33 34 35 36 37 00 00 00 00 00 00 00 00 00 00 00 00 00 00 00 00 00 6C 16 
02-26 17:44:19 SerialPort.cpp  222: write->68 32 00 32 00 68 4B 11 11 01 00 02 09 60 00 00 01 00 DA 16 
02-26 19:06:37 SerialPort.cpp  222: write->68 92 00 92 00 68 4A 11 11 01 00 02 04 70 00 00 01 1C 2D 31 00 CC CC CC CC CC 00 00 00 00 00 00 00 00 00 00 00 00 00 00 00 00 5A 16 
02-26 19:06:48 SerialPort.cpp  222: write->68 32 00 32 00 68 4B 11 11 01 00 02 0C 60 00 00 01 00 DD 16 
02-26 19:06:59 SerialPort.cpp  222: write->68 3E 01 3E 01 68 4B 11 11 01 00 02 F1 60 00 00 02 0E 01 31 32 33 34 CC CC CC CC CC CC CC CC 88 A6 42 00 78 FF 12 00 1C 34 41 00 00 00 00 00 D0 FE 12 00 31 32 33 34 35 36 37 38 39 00 32 00 31 32 33 34 35 36 37 38 39 00 32 00 35 36 37 38 39 00 32 00 3C 00 05 16 
02-26 19:07:10 SerialPort.cpp  222: write->68 35 00 35 00 68 4B 11 11 01 00 02 F1 60 00 00 02 0E 00 D1 16 
02-26 20:11:55 SerialPort.cpp  222: write->68 32 00 32 00 68 4B 11 11 11 11 02 09 60 00 00 01 00 FB 16 
02-26 20:12:06 SerialPort.cpp  222: write->68 32 00 32 00 68 4B 11 11 11 11 02 09 60 00 00 01 00 FB 16 
02-26 20:12:51 SerialPort.cpp  222: write->68 32 00 32 00 68 4B 11 11 11 11 02 09 60 00 00 01 00 FB 16 
02-26 20:13:08 SerialPort.cpp  222: write->68 32 00 32 00 68 4B 11 11 11 11 02 09 60 00 00 01 00 FB 16 
02-26 20:13:09 FkSetDlg.cpp 1826: read->68 DE 00 DE 00 68 A8 11 11 11 11 02 09 60 00 00 01 00 42 4A 59 50 33 33 33 34 35 36 39 39 56 34 30 39 22 02 13 33 32 4D 00 00 00 00 00 00 00 00 33 37 36 31 56 32 30 31 01 09 11 28 3B 4B 16 
02-26 20:14:42 SerialPort.cpp  222: write->68 32 00 32 00 68 4B 11 11 11 11 02 09 60 00 00 01 00 FB 16 
02-26 20:14:42 FkSetDlg.cpp 1826: read->68 DE 00 DE 00 68 A8 11 11 11 11 02 09 60 00 00 01 00 42 4A 59 50 33 33 33 34 35 36 39 39 56 34 30 39 22 02 13 33 32 4D 00 00 00 00 00 00 00 00 33 37 36 31 56 32 30 31 01 09 11 28 3B 4B 16 
02-26 20:16:10 SerialPort.cpp  222: write->68 32 00 32 00 68 4B 11 11 11 11 02 09 60 00 00 01 00 FB 16 
02-26 20:16:11 FkSetDlg.cpp 1826: read->68 DE 00 DE 00 68 A8 11 11 11 11 02 09 60 00 00 01 00 42 4A 59 50 33 33 33 34 35 36 39 39 56 34 30 39 22 02 13 33 32 4D 00 00 00 00 00 00 00 00 33 37 36 31 56 32 30 31 01 09 11 28 3B 4B 16 
02-26 20:17:05 SerialPort.cpp  222: write->68 32 00 32 00 68 4B 11 11 11 11 02 09 60 00 00 01 00 FB 16 
02-26 20:17:05 FkSetDlg.cpp 1826: read->68 DE 00 DE 00 68 A8 11 11 11 11 02 09 60 00 00 01 00 42 4A 59 50 33 33 33 34 35 36 39 39 56 34 30 39 22 02 13 33 32 4D 00 00 00 00 00 00 00 00 33 37 36 31 56 32 30 31 01 09 11 28 3B 4B 16 
02-26 20:17:44 SerialPort.cpp  222: write->68 32 00 32 00 68 4B 11 11 11 11 02 09 60 00 00 01 00 FB 16 
02-26 20:17:45 FkSetDlg.cpp 1826: read->68 DE 00 DE 00 68 A8 11 11 11 11 02 09 60 00 00 01 00 42 4A 59 50 33 33 33 34 35 36 39 39 56 34 30 39 22 02 13 33 32 4D 00 00 00 00 00 00 00 00 33 37 36 31 56 32 30 31 01 09 11 28 3B 4B 16 
02-26 20:17:50 SerialPort.cpp  222: write->68 92 00 92 00 68 4A 11 11 11 11 02 04 70 00 00 01 1C 2D 30 30 30 30 30 30 31 00 00 00 00 00 00 00 00 00 00 00 00 00 00 00 00 9F 16 
02-26 20:17:50 FkSetDlg.cpp 1826: read->68 3A 00 3A 00 68 A0 11 11 11 11 02 00 60 00 00 01 00 28 3B AA 16 
02-26 20:17:50 SerialPort.cpp  222: write->68 32 00 32 00 68 4B 11 11 11 11 02 0C 60 00 00 01 00 FE 16 
02-26 20:17:50 FkSetDlg.cpp 1826: read->68 3A 00 3A 00 68 A0 11 11 11 11 02 00 60 00 00 02 00 29 3B AC 16 
02-26 20:17:50 SerialPort.cpp  222: write->68 3E 01 3E 01 68 4B 11 11 11 11 02 F1 60 00 00 02 0E 01 31 31 31 31 31 31 31 31 31 31 31 31 00 00 00 00 00 00 00 00 00 00 00 00 00 00 00 00 00 00 00 00 31 31 31 31 31 31 31 31 31 31 31 31 00 00 00 00 00 00 00 00 00 00 00 00 00 00 00 00 00 00 00 00 3C 00 C7 16 
02-26 20:17:52 FkSetDlg.cpp 1826: read->68 3E 00 3E 00 68 A8 11 11 11 11 02 F1 60 00 00 02 0E 00 29 3B B3 16 
02-26 20:17:52 SerialPort.cpp  222: write->68 35 00 35 00 68 4B 11 11 11 11 02 F1 60 00 00 02 0E 00 F2 16 
02-26 20:17:52 FkSetDlg.cpp 1826: read->68 3E 01 3E 01 68 A8 11 11 11 11 02 F1 60 00 00 02 0E 00 31 31 31 31 31 31 31 31 31 31 31 31 00 00 00 00 00 00 00 00 00 00 00 00 00 00 00 00 00 00 00 00 31 31 31 31 31 31 31 31 31 31 31 31 00 00 00 00 00 00 00 00 00 00 00 00 00 00 00 00 00 00 00 00 29 3B 4B 16 
02-26 20:19:34 SerialPort.cpp  222: write->68 32 00 32 00 68 4B 11 11 11 11 02 09 60 00 00 01 00 FB 16 
02-26 20:19:34 FkSetDlg.cpp 1826: read->68 DE 00 DE 00 68 A8 11 11 11 11 02 09 60 00 00 01 00 42 4A 59 50 2D 30 30 30 30 30 30 31 56 34 30 39 22 02 13 33 32 4D 00 00 00 00 00 00 00 00 33 37 36 31 56 32 30 31 01 09 11 29 3B 20 16 
02-26 20:21:28 SerialPort.cpp  222: write->68 32 00 32 00 68 4B 11 11 11 11 02 09 60 00 00 01 00 FB 16 
02-26 20:21:29 FkSetDlg.cpp 1826: read->68 DE 00 DE 00 68 A8 11 11 11 11 02 09 60 00 00 01 00 42 4A 59 50 2D 30 30 30 30 30 30 31 56 34 30 39 22 02 13 33 32 4D 00 00 00 00 00 00 00 00 33 37 36 31 56 32 30 31 01 09 11 29 3B 20 16 
02-26 20:21:32 SerialPort.cpp  222: write->68 92 00 92 00 68 4A 11 11 11 11 02 04 70 00 00 01 1C 2D 30 30 30 30 30 30 31 00 00 00 00 00 00 00 00 00 00 00 00 00 00 00 00 9F 16 
02-26 20:21:33 FkSetDlg.cpp 1826: read->68 3A 00 3A 00 68 A0 11 11 11 11 02 00 60 00 00 01 00 29 3B AB 16 
02-26 20:21:33 SerialPort.cpp  222: write->68 32 00 32 00 68 4B 11 11 11 11 02 0C 60 00 00 01 00 FE 16 
02-26 20:21:34 FkSetDlg.cpp 1826: read->68 3A 00 3A 00 68 A0 11 11 11 11 02 00 60 00 00 02 00 2A 3B AD 16 
02-26 20:21:34 SerialPort.cpp  222: write->68 3E 01 3E 01 68 4B 11 11 11 11 02 F1 60 00 00 02 0E 01 31 31 31 31 31 31 31 31 31 31 31 31 00 00 00 00 00 00 00 00 00 00 00 00 00 00 00 00 00 00 00 00 31 31 31 31 31 31 31 31 31 31 31 31 00 00 00 00 00 00 00 00 00 00 00 00 00 00 00 00 00 00 00 00 3C 00 C7 16 
02-26 20:21:34 FkSetDlg.cpp 1826: read->68 3E 00 3E 00 68 A8 11 11 11 11 02 F1 60 00 00 02 0E 00 2A 3B B4 16 
02-26 20:21:34 SerialPort.cpp  222: write->68 35 00 35 00 68 4B 11 11 11 11 02 F1 60 00 00 02 0E 00 F2 16 
02-26 20:21:35 FkSetDlg.cpp 1826: read->68 3E 01 3E 01 68 A8 11 11 11 11 02 F1 60 00 00 02 0E 00 31 31 31 31 31 31 31 31 31 31 31 31 00 00 00 00 00 00 00 00 00 00 00 00 00 00 00 00 00 00 00 00 31 31 31 31 31 31 31 31 31 31 31 31 00 00 00 00 00 00 00 00 00 00 00 00 00 00 00 00 00 00 00 00 2A 3B 4C 16 
02-26 20:25:10 SerialPort.cpp  222: write->68 32 00 32 00 68 4B 11 11 11 11 02 0C 60 00 00 01 00 FE 16 
02-26 20:25:11 FkSetDlg.cpp 1829: read->68 3A 00 3A 00 68 A0 11 11 11 11 02 00 60 00 00 02 00 2A 3B AD 16 
02-26 20:25:11 SerialPort.cpp  222: write->68 3E 01 3E 01 68 4B 11 11 11 11 02 F1 60 00 00 02 0E 01 31 31 31 31 31 31 31 31 31 31 31 31 00 00 00 00 00 00 00 00 00 00 00 00 00 00 00 00 00 00 00 00 31 31 31 31 31 31 31 31 31 31 31 31 00 00 00 00 00 00 00 00 00 00 00 00 00 00 00 00 00 00 00 00 3C 00 C7 16 
02-26 20:25:11 FkSetDlg.cpp 1829: read->68 3E 00 3E 00 68 A8 11 11 11 11 02 F1 60 00 00 02 0E 00 2A 3B B4 16 
02-26 20:25:11 SerialPort.cpp  222: write->68 35 00 35 00 68 4B 11 11 11 11 02 F1 60 00 00 02 0E 00 F2 16 
02-26 20:25:11 FkSetDlg.cpp 1829: read->68 3E 01 3E 01 68 A8 11 11 11 11 02 F1 60 00 00 02 0E 00 31 31 31 31 31 31 31 31 31 31 31 31 00 00 00 00 00 00 00 00 00 00 00 00 00 00 00 00 00 00 00 00 31 31 31 31 31 31 31 31 31 31 31 31 00 00 00 00 00 00 00 00 00 00 00 00 00 00 00 00 00 00 00 00 2A 3B 4C 16 
02-26 20:27:47 SerialPort.cpp  222: write->68 92 00 92 00 68 4A 11 11 11 11 02 04 70 00 00 01 1C 39 35 35 35 32 38 30 33 00 00 00 00 00 00 00 00 00 00 00 00 00 00 00 00 C6 16 
02-26 20:27:48 FkSetDlg.cpp 1829: read->68 3A 00 3A 00 68 A0 11 11 11 11 02 00 60 00 00 01 00 2A 3B AC 16 
02-26 20:27:48 SerialPort.cpp  222: write->68 32 00 32 00 68 4B 11 11 11 11 02 0C 60 00 00 01 00 FE 16 
02-26 20:27:48 FkSetDlg.cpp 1829: read->68 3A 00 3A 00 68 A0 11 11 11 11 02 00 60 00 00 02 00 2B 3B AE 16 
02-26 20:27:48 SerialPort.cpp  222: write->68 3E 01 3E 01 68 4B 11 11 11 11 02 F1 60 00 00 02 0E 01 31 31 31 31 31 31 31 31 31 31 31 31 00 00 00 00 00 00 00 00 00 00 00 00 00 00 00 00 00 00 00 00 31 31 31 31 31 31 31 31 31 31 31 31 00 00 00 00 00 00 00 00 00 00 00 00 00 00 00 00 00 00 00 00 3C 00 C7 16 
02-26 20:27:48 FkSetDlg.cpp 1829: read->68 3E 00 3E 00 68 A8 11 11 11 11 02 F1 60 00 00 02 0E 00 2B 3B B5 16 
02-26 20:27:48 SerialPort.cpp  222: write->68 35 00 35 00 68 4B 11 11 11 11 02 F1 60 00 00 02 0E 00 F2 16 
02-26 20:27:49 FkSetDlg.cpp 1829: read->68 3E 01 3E 01 68 A8 11 11 11 11 02 F1 60 00 00 02 0E 00 31 31 31 31 31 31 31 31 31 31 31 31 00 00 00 00 00 00 00 00 00 00 00 00 00 00 00 00 00 00 00 00 31 31 31 31 31 31 31 31 31 31 31 31 00 00 00 00 00 00 00 00 00 00 00 00 00 00 00 00 00 00 00 00 2B 3B 4D 16 
02-26 20:31:16 SerialPort.cpp  222: write->68 92 00 92 00 68 4A 11 11 11 11 02 04 70 00 00 01 1C 35 36 37 38 39 31 32 31 00 00 00 00 00 00 00 00 00 00 00 00 00 00 00 00 C8 16 
02-26 20:31:17 FkSetDlg.cpp 1829: read->68 3A 00 3A 00 68 A0 11 11 11 11 02 00 60 00 00 01 00 2B 3B AD 16 
02-26 20:31:17 SerialPort.cpp  222: write->68 32 00 32 00 68 4B 11 11 11 11 02 0C 60 00 00 01 00 FE 16 
02-26 20:31:17 FkSetDlg.cpp 1829: read->68 3A 00 3A 00 68 A0 11 11 11 11 02 00 60 00 00 02 00 2C 3B AF 16 
02-26 20:31:17 SerialPort.cpp  222: write->68 3E 01 3E 01 68 4B 11 11 11 11 02 F1 60 00 00 02 0E 01 31 32 33 34 31 32 33 34 31 32 33 34 00 00 00 00 00 00 00 00 00 00 00 00 00 00 00 00 00 00 00 00 31 32 33 34 31 32 33 34 31 32 33 34 00 00 00 00 00 00 00 00 00 00 00 00 00 00 00 00 00 00 00 00 3C 00 EB 16 
02-26 20:31:17 FkSetDlg.cpp 1829: read->68 3E 00 3E 00 68 A8 11 11 11 11 02 F1 60 00 00 02 0E 00 2C 3B B6 16 
02-26 20:31:17 SerialPort.cpp  222: write->68 35 00 35 00 68 4B 11 11 11 11 02 F1 60 00 00 02 0E 00 F2 16 
02-26 20:31:18 FkSetDlg.cpp 1829: read->68 3E 01 3E 01 68 A8 11 11 11 11 02 F1 60 00 00 02 0E 00 31 32 33 34 31 32 33 34 31 32 33 34 00 00 00 00 00 00 00 00 00 00 00 00 00 00 00 00 00 00 00 00 31 32 33 34 31 32 33 34 31 32 33 34 00 00 00 00 00 00 00 00 00 00 00 00 00 00 00 00 00 00 00 00 2C 3B 72 16 
02-26 20:32:20 SerialPort.cpp  222: write->68 32 00 32 00 68 4B 11 11 11 11 02 09 60 00 00 01 00 FB 16 
02-26 20:32:20 FkSetDlg.cpp 1829: read->68 DE 00 DE 00 68 A8 11 11 11 11 02 09 60 00 00 01 00 42 4A 59 50 35 36 37 38 39 31 32 31 56 34 30 39 22 02 13 33 32 4D 00 00 00 00 00 00 00 00 33 37 36 31 56 32 30 31 01 09 11 2C 3B 4C 16 
02-26 20:34:07 SerialPort.cpp  222: write->68 92 00 92 00 68 4A 11 11 11 11 02 04 70 00 00 01 1C 35 36 37 38 39 31 32 31 00 00 00 00 00 00 00 00 00 00 00 00 00 00 00 00 C8 16 
02-26 20:34:08 FkSetDlg.cpp 1829: read->68 3A 00 3A 00 68 A0 11 11 11 11 02 00 60 00 00 01 00 2C 3B AE 16 
02-26 20:34:08 SerialPort.cpp  222: write->68 32 00 32 00 68 4B 11 11 11 11 02 09 60 00 00 01 00 FB 16 
02-26 20:34:08 FkSetDlg.cpp 1829: read->68 DE 00 DE 00 68 A8 11 11 11 11 02 09 60 00 00 01 00 42 4A 59 50 35 36 37 38 39 31 32 31 56 34 30 39 22 02 13 33 32 4D 00 00 00 00 00 00 00 00 33 37 36 31 56 32 30 31 01 09 11 2D 3B 4D 16 
02-26 20:34:08 SerialPort.cpp  222: write->68 3E 01 3E 01 68 4B 11 11 11 11 02 F1 60 00 00 02 0E 01 31 32 33 34 31 32 33 34 31 32 33 34 00 00 00 00 00 00 00 00 00 00 00 00 00 00 00 00 00 00 00 00 31 32 33 34 31 32 33 34 31 32 33 34 00 00 00 00 00 00 00 00 00 00 00 00 00 00 00 00 00 00 00 00 3C 00 EB 16 
02-26 20:34:08 FkSetDlg.cpp 1829: read->68 3E 00 3E 00 68 A8 11 11 11 11 02 F1 60 00 00 02 0E 00 2D 3B B7 16 
02-26 20:34:08 SerialPort.cpp  222: write->68 35 00 35 00 68 4B 11 11 11 11 02 F1 60 00 00 02 0E 00 F2 16 
02-26 20:34:09 FkSetDlg.cpp 1829: read->68 3E 01 3E 01 68 A8 11 11 11 11 02 F1 60 00 00 02 0E 00 31 32 33 34 31 32 33 34 31 32 33 34 00 00 00 00 00 00 00 00 00 00 00 00 00 00 00 00 00 00 00 00 31 32 33 34 31 32 33 34 31 32 33 34 00 00 00 00 00 00 00 00 00 00 00 00 00 00 00 00 00 00 00 00 2D 3B 73 16 
02-26 20:35:14 SerialPort.cpp  222: write->68 92 00 92 00 68 4A 11 11 11 11 02 04 70 00 00 01 1C 35 36 37 38 39 31 32 31 00 00 00 00 00 00 00 00 00 00 00 00 00 00 00 00 C8 16 
02-26 20:35:15 FkSetDlg.cpp 1829: read->68 3A 00 3A 00 68 A0 11 11 11 11 02 00 60 00 00 01 00 2D 3B AF 16 
02-26 20:35:15 SerialPort.cpp  222: write->68 32 00 32 00 68 4B 11 11 11 11 02 09 60 00 00 01 00 FB 16 
02-26 20:35:15 FkSetDlg.cpp 1829: read->68 DE 00 DE 00 68 A8 11 11 11 11 02 09 60 00 00 01 00 42 4A 59 50 35 36 37 38 39 31 32 31 56 34 30 39 22 02 13 33 32 4D 00 00 00 00 00 00 00 00 33 37 36 31 56 32 30 31 01 09 11 2E 3B 4E 16 
02-26 20:36:14 SerialPort.cpp  222: write->68 3E 01 3E 01 68 4B 11 11 11 11 02 F1 60 00 00 02 0E 01 31 32 33 34 35 36 37 38 39 31 32 31 00 00 00 00 00 00 00 00 00 00 00 00 00 00 00 00 00 00 00 00 31 32 33 34 35 36 37 38 39 31 32 31 00 00 00 00 00 00 00 00 00 00 00 00 00 00 00 00 00 00 00 00 3C 00 11 16 
02-26 20:36:14 FkSetDlg.cpp 1827: read->68 3E 00 3E 00 68 A8 11 11 11 11 02 F1 60 00 00 02 0E 00 2E 3B B8 16 
02-26 20:36:14 SerialPort.cpp  222: write->68 35 00 35 00 68 4B 11 11 11 11 02 F1 60 00 00 02 0E 00 F2 16 
02-26 20:36:15 FkSetDlg.cpp 1827: read->68 3E 01 3E 01 68 A8 11 11 11 11 02 F1 60 00 00 02 0E 00 31 32 33 34 35 36 37 38 39 31 32 31 00 00 00 00 00 00 00 00 00 00 00 00 00 00 00 00 00 00 00 00 31 32 33 34 35 36 37 38 39 31 32 31 00 00 00 00 00 00 00 00 00 00 00 00 00 00 00 00 00 00 00 00 2E 3B 9A 16 
02-26 20:36:18 SerialPort.cpp  222: write->68 92 00 92 00 68 4A 11 11 11 11 02 04 70 00 00 01 1C 35 36 37 38 39 31 32 31 00 00 00 00 00 00 00 00 00 00 00 00 00 00 00 00 C8 16 
02-26 20:36:19 FkSetDlg.cpp 1827: read->68 3A 00 3A 00 68 A0 11 11 11 11 02 00 60 00 00 01 00 2E 3B B0 16 
02-26 20:36:19 SerialPort.cpp  222: write->68 32 00 32 00 68 4B 11 11 11 11 02 09 60 00 00 01 00 FB 16 
02-26 20:36:19 FkSetDlg.cpp 1827: read->68 DE 00 DE 00 68 A8 11 11 11 11 02 09 60 00 00 01 00 42 4A 59 50 35 36 37 38 39 31 32 31 56 34 30 39 22 02 13 33 32 4D 00 00 00 00 00 00 00 00 33 37 36 31 56 32 30 31 01 09 11 2F 3B 4F 16 
02-26 20:36:22 SerialPort.cpp  222: write->68 3E 01 3E 01 68 4B 11 11 11 11 02 F1 60 00 00 02 0E 01 31 32 33 34 35 36 37 38 39 31 32 31 00 00 00 00 00 00 00 00 00 00 00 00 00 00 00 00 00 00 00 00 31 32 33 34 35 36 37 38 39 31 32 31 00 00 00 00 00 00 00 00 00 00 00 00 00 00 00 00 00 00 00 00 3C 00 11 16 
02-26 20:36:22 FkSetDlg.cpp 1827: read->68 3E 00 3E 00 68 A8 11 11 11 11 02 F1 60 00 00 02 0E 00 2F 3B B9 16 
02-26 20:36:22 SerialPort.cpp  222: write->68 35 00 35 00 68 4B 11 11 11 11 02 F1 60 00 00 02 0E 00 F2 16 
02-26 20:36:22 FkSetDlg.cpp 1827: read->68 3E 01 3E 01 68 A8 11 11 11 11 02 F1 60 00 00 02 0E 00 31 32 33 34 35 36 37 38 39 31 32 31 00 00 00 00 00 00 00 00 00 00 00 00 00 00 00 00 00 00 00 00 31 32 33 34 35 36 37 38 39 31 32 31 00 00 00 00 00 00 00 00 00 00 00 00 00 00 00 00 00 00 00 00 2F 3B 9B 16 
02-26 20:41:03 SerialPort.cpp  222: write->68 92 00 92 00 68 4A 11 11 11 11 02 04 70 00 00 01 1C 35 36 37 38 39 31 32 31 00 00 00 00 00 00 00 00 00 00 00 00 00 00 00 00 C8 16 
02-26 20:41:03 FkSetDlg.cpp 1829: read->68 3A 00 3A 00 68 A0 11 11 11 11 02 00 60 00 00 01 00 2F 3B B1 16 
02-26 20:41:03 SerialPort.cpp  222: write->68 32 00 32 00 68 4B 11 11 11 11 02 09 60 00 00 01 00 FB 16 
02-26 20:41:03 FkSetDlg.cpp 1829: read->68 DE 00 DE 00 68 A8 11 11 11 11 02 09 60 00 00 01 00 42 4A 59 50 35 36 37 38 39 31 32 31 56 34 30 39 22 02 13 33 32 4D 00 00 00 00 00 00 00 00 33 37 36 31 56 32 30 31 01 09 11 30 3B 50 16 
02-26 20:41:04 SerialPort.cpp  222: write->68 3E 01 3E 01 68 4B 11 11 11 11 02 F1 60 00 00 02 0E 01 00 31 32 31 39 38 37 36 35 34 33 32 00 00 00 00 00 00 00 00 00 00 00 00 00 00 00 00 00 00 00 00 31 32 33 34 35 36 37 38 39 31 32 31 00 00 00 00 00 00 00 00 00 00 00 00 00 00 00 00 00 00 00 00 3C 00 E0 16 
02-26 20:41:04 FkSetDlg.cpp 1829: read->68 3E 00 3E 00 68 A8 11 11 11 11 02 F1 60 00 00 02 0E 00 30 3B BA 16 
02-26 20:41:04 SerialPort.cpp  222: write->68 35 00 35 00 68 4B 11 11 11 11 02 F1 60 00 00 02 0E 00 F2 16 
02-26 20:41:05 FkSetDlg.cpp 1829: read->68 3E 01 3E 01 68 A8 11 11 11 11 02 F1 60 00 00 02 0E 00 00 31 32 31 39 38 37 36 35 34 33 32 00 00 00 00 00 00 00 00 00 00 00 00 00 00 00 00 00 00 00 00 31 32 33 34 35 36 37 38 39 31 32 31 00 00 00 00 00 00 00 00 00 00 00 00 00 00 00 00 00 00 00 00 30 3B 6B 16 
02-26 20:41:46 SerialPort.cpp  222: write->68 92 00 92 00 68 4A 11 11 11 11 02 04 70 00 00 01 1C 35 36 37 38 39 31 32 31 00 00 00 00 00 00 00 00 00 00 00 00 00 00 00 00 C8 16 
02-26 20:41:46 FkSetDlg.cpp 1829: read->68 3A 00 3A 00 68 A0 11 11 11 11 02 00 60 00 00 01 00 30 3B B2 16 
02-26 20:41:46 SerialPort.cpp  222: write->68 32 00 32 00 68 4B 11 11 11 11 02 09 60 00 00 01 00 FB 16 
02-26 20:41:46 FkSetDlg.cpp 1829: read->68 DE 00 DE 00 68 A8 11 11 11 11 02 09 60 00 00 01 00 42 4A 59 50 35 36 37 38 39 31 32 31 56 34 30 39 22 02 13 33 32 4D 00 00 00 00 00 00 00 00 33 37 36 31 56 32 30 31 01 09 11 31 3B 51 16 
02-26 20:41:51 SerialPort.cpp  222: write->68 3E 01 3E 01 68 4B 11 11 11 11 02 F1 60 00 00 02 0E 01 00 31 32 31 39 38 37 36 35 34 33 32 00 00 00 00 00 00 00 00 00 00 00 00 00 00 00 00 00 00 00 00 31 32 33 34 35 36 37 38 39 31 32 31 00 00 00 00 00 00 00 00 00 00 00 00 00 00 00 00 00 00 00 00 3C 00 E0 16 
02-26 20:41:51 FkSetDlg.cpp 1829: read->68 3E 00 3E 00 68 A8 11 11 11 11 02 F1 60 00 00 02 0E 00 31 3B BB 16 
02-26 20:41:51 SerialPort.cpp  222: write->68 35 00 35 00 68 4B 11 11 11 11 02 F1 60 00 00 02 0E 00 F2 16 
02-26 20:41:51 FkSetDlg.cpp 1829: read->68 3E 01 3E 01 68 A8 11 11 11 11 02 F1 60 00 00 02 0E 00 00 31 32 31 39 38 37 36 35 34 33 32 00 00 00 00 00 00 00 00 00 00 00 00 00 00 00 00 00 00 00 00 31 32 33 34 35 36 37 38 39 31 32 31 00 00 00 00 00 00 00 00 00 00 00 00 00 00 00 00 00 00 00 00 31 3B 6C 16 
02-26 20:42:52 SerialPort.cpp  222: write->68 92 00 92 00 68 4A 11 11 11 11 02 04 70 00 00 01 1C 35 36 37 38 39 31 32 31 00 00 00 00 00 00 00 00 00 00 00 00 00 00 00 00 C8 16 
02-26 20:42:52 FkSetDlg.cpp 1829: read->68 3A 00 3A 00 68 A0 11 11 11 11 02 00 60 00 00 01 00 31 3B B3 16 
02-26 20:42:52 SerialPort.cpp  222: write->68 32 00 32 00 68 4B 11 11 11 11 02 09 60 00 00 01 00 FB 16 
02-26 20:42:52 FkSetDlg.cpp 1829: read->68 DE 00 DE 00 68 A8 11 11 11 11 02 09 60 00 00 01 00 42 4A 59 50 35 36 37 38 39 31 32 31 56 34 30 39 22 02 13 33 32 4D 00 00 00 00 00 00 00 00 33 37 36 31 56 32 30 31 01 09 11 32 3B 52 16 
02-26 20:42:52 SerialPort.cpp  222: write->68 3E 01 3E 01 68 4B 11 11 11 11 02 F1 60 00 00 02 0E 01 00 31 32 31 39 38 37 36 35 34 33 32 00 00 00 00 00 00 00 00 00 00 00 00 00 00 00 00 00 00 00 00 31 32 33 34 35 36 37 38 39 31 32 31 00 00 00 00 00 00 00 00 00 00 00 00 00 00 00 00 00 00 00 00 3C 00 E0 16 
02-26 20:42:53 FkSetDlg.cpp 1829: read->68 3E 00 3E 00 68 A8 11 11 11 11 02 F1 60 00 00 02 0E 00 32 3B BC 16 
02-26 20:42:53 SerialPort.cpp  222: write->68 35 00 35 00 68 4B 11 11 11 11 02 F1 60 00 00 02 0E 00 F2 16 
02-26 20:42:53 FkSetDlg.cpp 1829: read->68 3E 01 3E 01 68 A8 11 11 11 11 02 F1 60 00 00 02 0E 00 00 31 32 31 39 38 37 36 35 34 33 32 00 00 00 00 00 00 00 00 00 00 00 00 00 00 00 00 00 00 00 00 31 32 33 34 35 36 37 38 39 31 32 31 00 00 00 00 00 00 00 00 00 00 00 00 00 00 00 00 00 00 00 00 32 3B 6D 16 
02-26 20:43:03 SerialPort.cpp  222: write->68 92 00 92 00 68 4A 11 11 11 11 02 04 70 00 00 01 1C 35 36 37 38 39 31 32 31 00 00 00 00 00 00 00 00 00 00 00 00 00 00 00 00 C8 16 
02-26 20:43:04 FkSetDlg.cpp 1829: read->68 3A 00 3A 00 68 A0 11 11 11 11 02 00 60 00 00 01 00 32 3B B4 16 
02-26 20:43:04 SerialPort.cpp  222: write->68 32 00 32 00 68 4B 11 11 11 11 02 09 60 00 00 01 00 FB 16 
02-26 20:43:04 FkSetDlg.cpp 1829: read->68 DE 00 DE 00 68 A8 11 11 11 11 02 09 60 00 00 01 00 42 4A 59 50 35 36 37 38 39 31 32 31 56 34 30 39 22 02 13 33 32 4D 00 00 00 00 00 00 00 00 33 37 36 31 56 32 30 31 01 09 11 33 3B 53 16 
02-26 20:43:04 SerialPort.cpp  222: write->68 3E 01 3E 01 68 4B 11 11 11 11 02 F1 60 00 00 02 0E 01 00 31 32 31 39 38 37 36 35 34 33 32 00 00 00 00 00 00 00 00 00 00 00 00 00 00 00 00 00 00 00 00 31 32 33 34 35 36 37 38 39 31 32 31 00 00 00 00 00 00 00 00 00 00 00 00 00 00 00 00 00 00 00 00 3C 00 E0 16 
02-26 20:43:04 FkSetDlg.cpp 1829: read->68 3E 00 3E 00 68 A8 11 11 11 11 02 F1 60 00 00 02 0E 00 33 3B BD 16 
02-26 20:43:04 SerialPort.cpp  222: write->68 35 00 35 00 68 4B 11 11 11 11 02 F1 60 00 00 02 0E 00 F2 16 
02-26 20:43:05 FkSetDlg.cpp 1829: read->68 3E 01 3E 01 68 A8 11 11 11 11 02 F1 60 00 00 02 0E 00 00 31 32 31 39 38 37 36 35 34 33 32 00 00 00 00 00 00 00 00 00 00 00 00 00 00 00 00 00 00 00 00 31 32 33 34 35 36 37 38 39 31 32 31 00 00 00 00 00 00 00 00 00 00 00 00 00 00 00 00 00 00 00 00 33 3B 6E 16 
02-26 20:44:20 SerialPort.cpp  222: write->68 92 00 92 00 68 4A 11 11 11 11 02 04 70 00 00 01 1C 35 36 37 38 39 31 32 31 00 00 00 00 00 00 00 00 00 00 00 00 00 00 00 00 C8 16 
02-26 20:44:21 FkSetDlg.cpp 1829: read->68 3A 00 3A 00 68 A0 11 11 11 11 02 00 60 00 00 01 00 33 3B B5 16 
02-26 20:44:21 SerialPort.cpp  222: write->68 32 00 32 00 68 4B 11 11 11 11 02 09 60 00 00 01 00 FB 16 
02-26 20:44:21 FkSetDlg.cpp 1829: read->68 DE 00 DE 00 68 A8 11 11 11 11 02 09 60 00 00 01 00 42 4A 59 50 35 36 37 38 39 31 32 31 56 34 30 39 22 02 13 33 32 4D 00 00 00 00 00 00 00 00 33 37 36 31 56 32 30 31 01 09 11 34 3B 54 16 
02-26 20:45:31 SerialPort.cpp  222: write->68 92 00 92 00 68 4A 11 11 11 11 02 04 70 00 00 01 1C 35 36 37 38 39 31 32 31 00 00 00 00 00 00 00 00 00 00 00 00 00 00 00 00 C8 16 
02-26 20:45:31 FkSetDlg.cpp 1830: read->68 3A 00 3A 00 68 A0 11 11 11 11 02 00 60 00 00 01 00 34 3B B6 16 
02-26 20:45:31 SerialPort.cpp  222: write->68 32 00 32 00 68 4B 11 11 11 11 02 09 60 00 00 01 00 FB 16 
02-26 20:45:31 FkSetDlg.cpp 1830: read->68 DE 00 DE 00 68 A8 11 11 11 11 02 09 60 00 00 01 00 42 4A 59 50 35 36 37 38 39 31 32 31 56 34 30 39 22 02 13 33 32 4D 00 00 00 00 00 00 00 00 33 37 36 31 56 32 30 31 01 09 11 35 3B 55 16 
02-26 20:47:52 SerialPort.cpp  222: write->68 92 00 92 00 68 4A 11 11 11 11 02 04 70 00 00 01 1C 35 36 37 38 39 31 32 31 00 00 00 00 00 00 00 00 00 00 00 00 00 00 00 00 C8 16 
02-26 20:47:52 FkSetDlg.cpp 1830: read->68 3A 00 3A 00 68 A0 11 11 11 11 02 00 60 00 00 01 00 35 3B B7 16 
02-26 20:47:52 SerialPort.cpp  222: write->68 32 00 32 00 68 4B 11 11 11 11 02 09 60 00 00 01 00 FB 16 
02-26 20:47:52 FkSetDlg.cpp 1830: read->68 DE 00 DE 00 68 A8 11 11 11 11 02 09 60 00 00 01 00 42 4A 59 50 35 36 37 38 39 31 32 31 56 34 30 39 22 02 13 33 32 4D 00 00 00 00 00 00 00 00 33 37 36 31 56 32 30 31 01 09 11 36 3B 56 16 
02-26 20:48:28 SerialPort.cpp  222: write->68 3E 01 3E 01 68 4B 11 11 11 11 02 F1 60 00 00 02 0E 01 00 31 32 33 34 00 CC 01 00 00 00 CC CC CC CC CC CC CC CC 88 B6 42 00 78 FF 12 00 6C 3D 41 00 00 CC CC CC CC CC CC CC CC CC CC CC CC CC CC CC CC CC CC CC CC CC CC CC CC 35 36 37 38 39 31 32 31 3C 00 E0 16 
02-26 20:48:28 FkSetDlg.cpp 1830: read->68 3E 00 3E 00 68 A8 11 11 11 11 02 F1 60 00 00 02 0E 00 36 3B C0 16 
02-26 20:48:28 SerialPort.cpp  222: write->68 35 00 35 00 68 4B 11 11 11 11 02 F1 60 00 00 02 0E 00 F2 16 
02-26 20:48:28 FkSetDlg.cpp 1830: read->68 3E 01 3E 01 68 A8 11 11 11 11 02 F1 60 00 00 02 0E 00 00 31 32 33 34 00 CC 01 00 00 00 CC CC CC CC CC CC CC CC 88 B6 42 00 78 FF 12 00 6C 3D 41 00 00 CC CC CC CC CC CC CC CC CC CC CC CC CC CC CC CC CC CC CC CC CC CC CC CC 35 36 37 38 39 31 32 31 36 3B 71 16 
02-26 20:48:46 SerialPort.cpp  222: write->68 3E 01 3E 01 68 4B 11 11 11 11 02 F1 60 00 00 02 0E 01 00 31 32 33 34 00 CC 01 00 00 00 CC CC CC CC CC CC CC CC 88 B6 42 00 78 FF 12 00 6C 3D 41 00 00 CC CC CC CC CC CC CC CC CC CC CC CC CC CC CC CC CC CC CC CC CC CC CC CC 35 36 37 38 39 31 32 31 3C 00 E0 16 
02-26 20:48:47 FkSetDlg.cpp 1830: read->68 3E 00 3E 00 68 A8 11 11 11 11 02 F1 60 00 00 02 0E 00 36 3B C0 16 
02-26 20:48:47 SerialPort.cpp  222: write->68 35 00 35 00 68 4B 11 11 11 11 02 F1 60 00 00 02 0E 00 F2 16 
02-26 20:48:47 FkSetDlg.cpp 1830: read->68 3E 01 3E 01 68 A8 11 11 11 11 02 F1 60 00 00 02 0E 00 00 31 32 33 34 00 CC 01 00 00 00 CC CC CC CC CC CC CC CC 88 B6 42 00 78 FF 12 00 6C 3D 41 00 00 CC CC CC CC CC CC CC CC CC CC CC CC CC CC CC CC CC CC CC CC CC CC CC CC 35 36 37 38 39 31 32 31 36 3B 71 16 
02-26 20:49:27 SerialPort.cpp  222: write->68 3E 01 3E 01 68 4B 11 11 11 11 02 F1 60 00 00 02 0E 01 00 31 32 33 34 00 CC 01 00 00 00 CC CC CC CC CC CC CC CC 88 B6 42 00 78 FF 12 00 6C 3D 41 00 00 CC CC CC CC CC CC CC CC CC CC CC CC CC CC CC CC CC CC CC CC CC CC CC CC 35 36 37 38 39 31 32 31 3C 00 E0 16 
02-26 20:49:28 FkSetDlg.cpp 1830: read->68 3E 00 3E 00 68 A8 11 11 11 11 02 F1 60 00 00 02 0E 00 36 3B C0 16 
02-26 20:49:28 SerialPort.cpp  222: write->68 35 00 35 00 68 4B 11 11 11 11 02 F1 60 00 00 02 0E 00 F2 16 
02-26 20:49:28 FkSetDlg.cpp 1830: read->68 3E 01 3E 01 68 A8 11 11 11 11 02 F1 60 00 00 02 0E 00 00 31 32 33 34 00 CC 01 00 00 00 CC CC CC CC CC CC CC CC 88 B6 42 00 78 FF 12 00 6C 3D 41 00 00 CC CC CC CC CC CC CC CC CC CC CC CC CC CC CC CC CC CC CC CC CC CC CC CC 35 36 37 38 39 31 32 31 36 3B 71 16 
02-26 20:50:46 SerialPort.cpp  222: write->68 3E 01 3E 01 68 4B 11 11 11 11 02 F1 60 00 00 02 0E 01 00 31 32 33 34 00 CC 01 00 00 00 CC CC CC CC CC CC CC CC 88 B6 42 00 78 FF 12 00 6C 3D 41 00 00 CC CC CC CC CC CC CC CC CC CC CC CC CC CC CC CC CC CC CC CC CC CC CC CC 35 36 37 38 39 31 32 31 3C 00 E0 16 
02-26 20:50:47 FkSetDlg.cpp 1830: read->68 3E 00 3E 00 68 A8 11 11 11 11 02 F1 60 00 00 02 0E 00 36 3B C0 16 
02-26 20:50:47 SerialPort.cpp  222: write->68 35 00 35 00 68 4B 11 11 11 11 02 F1 60 00 00 02 0E 00 F2 16 
02-26 20:50:47 FkSetDlg.cpp 1830: read->68 3E 01 3E 01 68 A8 11 11 11 11 02 F1 60 00 00 02 0E 00 00 31 32 33 34 00 CC 01 00 00 00 CC CC CC CC CC CC CC CC 88 B6 42 00 78 FF 12 00 6C 3D 41 00 00 CC CC CC CC CC CC CC CC CC CC CC CC CC CC CC CC CC CC CC CC CC CC CC CC 35 36 37 38 39 31 32 31 36 3B 71 16 
02-26 20:51:16 SerialPort.cpp  222: write->68 3E 01 3E 01 68 4B 11 11 11 11 02 F1 60 00 00 02 0E 01 00 31 32 31 39 38 37 36 35 34 33 32 00 00 00 00 00 00 00 00 00 00 00 00 00 00 00 00 00 00 00 00 31 32 33 34 35 36 37 38 39 31 32 31 00 00 00 00 00 00 00 00 00 00 00 00 00 00 00 00 00 00 00 00 3C 00 E0 16 
02-26 20:51:17 FkSetDlg.cpp 1830: read->68 3E 00 3E 00 68 A8 11 11 11 11 02 F1 60 00 00 02 0E 00 36 3B C0 16 
02-26 20:51:17 SerialPort.cpp  222: write->68 35 00 35 00 68 4B 11 11 11 11 02 F1 60 00 00 02 0E 00 F2 16 
02-26 20:51:17 FkSetDlg.cpp 1830: read->68 3E 01 3E 01 68 A8 11 11 11 11 02 F1 60 00 00 02 0E 00 00 31 32 31 39 38 37 36 35 34 33 32 00 00 00 00 00 00 00 00 00 00 00 00 00 00 00 00 00 00 00 00 31 32 33 34 35 36 37 38 39 31 32 31 00 00 00 00 00 00 00 00 00 00 00 00 00 00 00 00 00 00 00 00 36 3B 71 16 
02-26 20:52:23 SerialPort.cpp  222: write->68 3E 01 3E 01 68 4B 11 11 11 11 02 F1 60 00 00 02 0E 01 00 31 32 31 39 38 37 36 35 34 33 32 00 00 00 00 00 00 00 00 00 00 00 00 00 00 00 00 00 00 00 00 31 32 33 34 35 36 37 38 39 31 32 31 00 00 00 00 00 00 00 00 00 00 00 00 00 00 00 00 00 00 00 00 3C 00 E0 16 
02-26 20:52:23 FkSetDlg.cpp 1830: read->68 3E 00 3E 00 68 A8 11 11 11 11 02 F1 60 00 00 02 0E 00 36 3B C0 16 
02-26 20:52:23 SerialPort.cpp  222: write->68 35 00 35 00 68 4B 11 11 11 11 02 F1 60 00 00 02 0E 00 F2 16 
02-26 20:52:24 FkSetDlg.cpp 1830: read->68 3E 01 3E 01 68 A8 11 11 11 11 02 F1 60 00 00 02 0E 00 00 31 32 31 39 38 37 36 35 34 33 32 00 00 00 00 00 00 00 00 00 00 00 00 00 00 00 00 00 00 00 00 31 32 33 34 35 36 37 38 39 31 32 31 00 00 00 00 00 00 00 00 00 00 00 00 00 00 00 00 00 00 00 00 36 3B 71 16 
02-26 20:52:34 SerialPort.cpp  222: write->68 3E 01 3E 01 68 4B 11 11 11 11 02 F1 60 00 00 02 0E 01 00 31 32 31 39 38 37 36 35 34 33 32 00 00 00 00 00 00 00 00 00 00 00 00 00 00 00 00 00 00 00 00 31 32 33 34 35 36 37 38 39 31 32 31 00 00 00 00 00 00 00 00 00 00 00 00 00 00 00 00 00 00 00 00 3C 00 E0 16 
02-26 20:52:34 FkSetDlg.cpp 1830: read->68 3E 00 3E 00 68 A8 11 11 11 11 02 F1 60 00 00 02 0E 00 36 3B C0 16 
02-26 20:52:34 SerialPort.cpp  222: write->68 35 00 35 00 68 4B 11 11 11 11 02 F1 60 00 00 02 0E 00 F2 16 
02-26 20:52:34 FkSetDlg.cpp 1830: read->68 3E 01 3E 01 68 A8 11 11 11 11 02 F1 60 00 00 02 0E 00 00 31 32 31 39 38 37 36 35 34 33 32 00 00 00 00 00 00 00 00 00 00 00 00 00 00 00 00 00 00 00 00 31 32 33 34 35 36 37 38 39 31 32 31 00 00 00 00 00 00 00 00 00 00 00 00 00 00 00 00 00 00 00 00 36 3B 71 16 
02-26 20:54:11 SerialPort.cpp  222: write->68 3E 01 3E 01 68 4B 11 11 11 11 02 F1 60 00 00 02 0E 01 31 32 31 39 38 37 36 35 34 33 32 31 00 00 00 00 00 00 00 00 00 00 00 00 00 00 00 00 00 00 00 00 31 32 33 34 35 36 37 38 39 31 32 31 00 00 00 00 00 00 00 00 00 00 00 00 00 00 00 00 00 00 00 00 3C 00 11 16 
02-26 20:54:11 FkSetDlg.cpp 1830: read->68 3E 00 3E 00 68 A8 11 11 11 11 02 F1 60 00 00 02 0E 00 36 3B C0 16 
02-26 20:54:11 SerialPort.cpp  222: write->68 35 00 35 00 68 4B 11 11 11 11 02 F1 60 00 00 02 0E 00 F2 16 
02-26 20:54:12 FkSetDlg.cpp 1830: read->68 3E 01 3E 01 68 A8 11 11 11 11 02 F1 60 00 00 02 0E 00 31 32 31 39 38 37 36 35 34 33 32 31 00 00 00 00 00 00 00 00 00 00 00 00 00 00 00 00 00 00 00 00 31 32 33 34 35 36 37 38 39 31 32 31 00 00 00 00 00 00 00 00 00 00 00 00 00 00 00 00 00 00 00 00 36 3B A2 16 
02-26 20:57:38 SerialPort.cpp  222: write->68 3E 01 3E 01 68 4B 11 11 11 11 02 F1 60 00 00 02 0E 01 31 32 31 39 38 37 36 35 34 33 32 31 00 00 00 00 00 00 00 00 00 00 00 00 00 00 00 00 00 00 00 00 31 32 33 34 35 36 37 38 39 31 32 31 00 00 00 00 00 00 00 00 00 00 00 00 00 00 00 00 00 00 00 00 3C 00 11 16 
02-26 20:57:38 FkSetDlg.cpp 1835: read->68 3E 00 3E 00 68 A8 11 11 11 11 02 F1 60 00 00 02 0E 00 36 3B C0 16 
02-26 20:57:38 SerialPort.cpp  222: write->68 35 00 35 00 68 4B 11 11 11 11 02 F1 60 00 00 02 0E 00 F2 16 
02-26 20:57:38 FkSetDlg.cpp 1835: read->68 3E 01 3E 01 68 A8 11 11 11 11 02 F1 60 00 00 02 0E 00 31 32 31 39 38 37 36 35 34 33 32 31 00 00 00 00 00 00 00 00 00 00 00 00 00 00 00 00 00 00 00 00 31 32 33 34 35 36 37 38 39 31 32 31 00 00 00 00 00 00 00 00 00 00 00 00 00 00 00 00 00 00 00 00 36 3B A2 16 
02-26 20:58:01 SerialPort.cpp  222: write->68 92 00 92 00 68 4A 11 11 11 11 02 04 70 00 00 01 1C 35 36 37 38 39 31 32 31 00 00 00 00 00 00 00 00 00 00 00 00 00 00 00 00 C8 16 
02-26 20:58:02 FkSetDlg.cpp 1835: read->68 3A 00 3A 00 68 A0 11 11 11 11 02 00 60 00 00 01 00 36 3B B8 16 
02-26 20:58:02 SerialPort.cpp  222: write->68 32 00 32 00 68 4B 11 11 11 11 02 09 60 00 00 01 00 FB 16 
02-26 20:58:02 FkSetDlg.cpp 1835: read->68 DE 00 DE 00 68 A8 11 11 11 11 02 09 60 00 00 01 00 42 4A 59 50 35 36 37 38 39 31 32 31 56 34 30 39 22 02 13 33 32 4D 00 00 00 00 00 00 00 00 33 37 36 31 56 32 30 31 01 09 11 37 3B 57 16 
02-26 20:58:02 SerialPort.cpp  222: write->68 3E 01 3E 01 68 4B 11 11 11 11 02 F1 60 00 00 02 0E 01 31 32 31 39 38 37 36 35 34 33 32 31 00 00 00 00 00 00 00 00 00 00 00 00 00 00 00 00 00 00 00 00 31 32 33 34 35 36 37 38 39 31 32 31 00 00 00 00 00 00 00 00 00 00 00 00 00 00 00 00 00 00 00 00 3C 00 11 16 
02-26 20:58:02 FkSetDlg.cpp 1835: read->68 3E 00 3E 00 68 A8 11 11 11 11 02 F1 60 00 00 02 0E 00 37 3B C1 16 
02-26 20:58:02 SerialPort.cpp  222: write->68 35 00 35 00 68 4B 11 11 11 11 02 F1 60 00 00 02 0E 00 F2 16 
02-26 20:58:02 FkSetDlg.cpp 1835: read->68 3E 01 3E 01 68 A8 11 11 11 11 02 F1 60 00 00 02 0E 00 31 32 31 39 38 37 36 35 34 33 32 31 00 00 00 00 00 00 00 00 00 00 00 00 00 00 00 00 00 00 00 00 31 32 33 34 35 36 37 38 39 31 32 31 00 00 00 00 00 00 00 00 00 00 00 00 00 00 00 00 00 00 00 00 37 3B A3 16 
02-26 20:59:02 SerialPort.cpp  222: write->68 92 00 92 00 68 4A 11 11 11 11 02 04 70 00 00 01 1C 35 36 37 38 39 31 32 31 00 00 00 00 00 00 00 00 00 00 00 00 00 00 00 00 C8 16 
02-26 20:59:03 FkSetDlg.cpp 1835: read->68 3A 00 3A 00 68 A0 11 11 11 11 02 00 60 00 00 01 00 37 3B B9 16 
02-26 20:59:03 SerialPort.cpp  222: write->68 32 00 32 00 68 4B 11 11 11 11 02 09 60 00 00 01 00 FB 16 
02-26 20:59:03 FkSetDlg.cpp 1835: read->68 DE 00 DE 00 68 A8 11 11 11 11 02 09 60 00 00 01 00 42 4A 59 50 35 36 37 38 39 31 32 31 56 34 30 39 22 02 13 33 32 4D 00 00 00 00 00 00 00 00 33 37 36 31 56 32 30 31 01 09 11 38 3B 58 16 
02-26 20:59:12 SerialPort.cpp  222: write->68 3E 01 3E 01 68 4B 11 11 11 11 02 F1 60 00 00 02 0E 01 31 32 31 39 38 37 36 35 34 33 32 31 00 00 00 00 00 00 00 00 00 00 00 00 00 00 00 00 00 00 00 00 31 32 33 34 35 36 37 38 39 31 32 31 00 00 00 00 00 00 00 00 00 00 00 00 00 00 00 00 00 00 00 00 3C 00 11 16 
02-26 20:59:12 FkSetDlg.cpp 1835: read->68 3E 00 3E 00 68 A8 11 11 11 11 02 F1 60 00 00 02 0E 00 38 3B C2 16 
02-26 20:59:12 SerialPort.cpp  222: write->68 35 00 35 00 68 4B 11 11 11 11 02 F1 60 00 00 02 0E 00 F2 16 
02-26 20:59:12 FkSetDlg.cpp 1835: read->68 3E 01 3E 01 68 A8 11 11 11 11 02 F1 60 00 00 02 0E 00 31 32 31 39 38 37 36 35 34 33 32 31 00 00 00 00 00 00 00 00 00 00 00 00 00 00 00 00 00 00 00 00 31 32 33 34 35 36 37 38 39 31 32 31 00 00 00 00 00 00 00 00 00 00 00 00 00 00 00 00 00 00 00 00 38 3B A4 16 
02-26 21:02:04 SerialPort.cpp  222: write->68 92 00 92 00 68 4A 11 11 11 11 02 04 70 00 00 01 1C 35 36 37 38 39 31 32 31 00 00 00 00 00 00 00 00 00 00 00 00 00 00 00 00 C8 16 
02-26 21:02:04 FkSetDlg.cpp 1835: read->68 3A 00 3A 00 68 A0 11 11 11 11 02 00 60 00 00 01 00 38 3B BA 16 
02-26 21:02:04 SerialPort.cpp  222: write->68 32 00 32 00 68 4B 11 11 11 11 02 09 60 00 00 01 00 FB 16 
02-26 21:02:04 FkSetDlg.cpp 1835: read->68 DE 00 DE 00 68 A8 11 11 11 11 02 09 60 00 00 01 00 42 4A 59 50 35 36 37 38 39 31 32 31 56 34 30 39 22 02 13 33 32 4D 00 00 00 00 00 00 00 00 33 37 36 31 56 32 30 31 01 09 11 39 3B 59 16 
02-26 21:02:04 SerialPort.cpp  222: write->68 3E 01 3E 01 68 4B 11 11 11 11 02 F1 60 00 00 02 0E 01 31 32 31 39 38 37 36 35 34 33 32 31 00 00 00 00 00 00 00 00 00 00 00 00 00 00 00 00 00 00 00 00 31 32 33 34 35 36 37 38 39 31 32 31 00 00 00 00 00 00 00 00 00 00 00 00 00 00 00 00 00 00 00 00 3C 00 11 16 
02-26 21:02:05 FkSetDlg.cpp 1835: read->68 3E 00 3E 00 68 A8 11 11 11 11 02 F1 60 00 00 02 0E 00 39 3B C3 16 
02-26 21:02:05 SerialPort.cpp  222: write->68 35 00 35 00 68 4B 11 11 11 11 02 F1 60 00 00 02 0E 00 F2 16 
02-26 21:02:05 FkSetDlg.cpp 1835: read->68 3E 01 3E 01 68 A8 11 11 11 11 02 F1 60 00 00 02 0E 00 31 32 31 39 38 37 36 35 34 33 32 31 00 00 00 00 00 00 00 00 00 00 00 00 00 00 00 00 00 00 00 00 31 32 33 34 35 36 37 38 39 31 32 31 00 00 00 00 00 00 00 00 00 00 00 00 00 00 00 00 00 00 00 00 39 3B A5 16 
02-26 21:02:14 SerialPort.cpp  222: write->68 92 00 92 00 68 4A 11 11 11 11 02 04 70 00 00 01 1C 35 36 37 38 39 31 32 31 00 00 00 00 00 00 00 00 00 00 00 00 00 00 00 00 C8 16 
02-26 21:02:14 FkSetDlg.cpp 1835: read->68 3A 00 3A 00 68 A0 11 11 11 11 02 00 60 00 00 01 00 39 3B BB 16 
02-26 21:02:14 SerialPort.cpp  222: write->68 32 00 32 00 68 4B 11 11 11 11 02 09 60 00 00 01 00 FB 16 
02-26 21:02:14 FkSetDlg.cpp 1835: read->68 DE 00 DE 00 68 A8 11 11 11 11 02 09 60 00 00 01 00 42 4A 59 50 35 36 37 38 39 31 32 31 56 34 30 39 22 02 13 33 32 4D 00 00 00 00 00 00 00 00 33 37 36 31 56 32 30 31 01 09 11 3A 3B 5A 16 
02-26 21:02:14 SerialPort.cpp  222: write->68 3E 01 3E 01 68 4B 11 11 11 11 02 F1 60 00 00 02 0E 01 31 32 31 39 38 37 36 35 34 33 32 31 00 00 00 00 00 00 00 00 00 00 00 00 00 00 00 00 00 00 00 00 31 32 33 34 35 36 37 38 39 31 32 31 00 00 00 00 00 00 00 00 00 00 00 00 00 00 00 00 00 00 00 00 3C 00 11 16 
02-26 21:02:15 FkSetDlg.cpp 1835: read->68 3E 00 3E 00 68 A8 11 11 11 11 02 F1 60 00 00 02 0E 00 3A 3B C4 16 
02-26 21:02:15 SerialPort.cpp  222: write->68 35 00 35 00 68 4B 11 11 11 11 02 F1 60 00 00 02 0E 00 F2 16 
02-26 21:02:15 FkSetDlg.cpp 1835: read->68 3E 01 3E 01 68 A8 11 11 11 11 02 F1 60 00 00 02 0E 00 31 32 31 39 38 37 36 35 34 33 32 31 00 00 00 00 00 00 00 00 00 00 00 00 00 00 00 00 00 00 00 00 31 32 33 34 35 36 37 38 39 31 32 31 00 00 00 00 00 00 00 00 00 00 00 00 00 00 00 00 00 00 00 00 3A 3B A6 16 
02-26 21:03:08 SerialPort.cpp  222: write->68 92 00 92 00 68 4A 11 11 11 11 02 04 70 00 00 01 1C 34 33 32 31 30 31 32 33 00 00 00 00 00 00 00 00 00 00 00 00 00 00 00 00 B1 16 
02-26 21:03:08 FkSetDlg.cpp 1835: read->68 3A 00 3A 00 68 A0 11 11 11 11 02 00 60 00 00 01 00 3A 3B BC 16 
02-26 21:03:08 SerialPort.cpp  222: write->68 32 00 32 00 68 4B 11 11 11 11 02 09 60 00 00 01 00 FB 16 
02-26 21:03:08 FkSetDlg.cpp 1835: read->68 DE 00 DE 00 68 A8 11 11 11 11 02 09 60 00 00 01 00 42 4A 59 50 34 33 32 31 30 31 32 33 56 34 30 39 22 02 13 33 32 4D 00 00 00 00 00 00 00 00 33 37 36 31 56 32 30 31 01 09 11 3B 3B 44 16 
02-26 21:03:08 SerialPort.cpp  222: write->68 3E 01 3E 01 68 4B 11 11 11 11 02 F1 60 00 00 02 0E 01 33 32 31 30 31 32 33 34 35 36 37 38 00 00 00 00 00 00 00 00 00 00 00 00 00 00 00 00 00 00 00 00 38 37 36 35 34 33 32 31 30 31 32 33 00 00 00 00 00 00 00 00 00 00 00 00 00 00 00 00 00 00 00 00 3C 00 03 16 
02-26 21:03:09 FkSetDlg.cpp 1835: read->68 3E 00 3E 00 68 A8 11 11 11 11 02 F1 60 00 00 02 0E 00 3B 3B C5 16 
02-26 21:03:09 SerialPort.cpp  222: write->68 35 00 35 00 68 4B 11 11 11 11 02 F1 60 00 00 02 0E 00 F2 16 
02-26 21:03:09 FkSetDlg.cpp 1835: read->68 3E 01 3E 01 68 A8 11 11 11 11 02 F1 60 00 00 02 0E 00 33 32 31 30 31 32 33 34 35 36 37 38 00 00 00 00 00 00 00 00 00 00 00 00 00 00 00 00 00 00 00 00 38 37 36 35 34 33 32 31 30 31 32 33 00 00 00 00 00 00 00 00 00 00 00 00 00 00 00 00 00 00 00 00 3B 3B 99 16 
